<?xml version="1.0" encoding="UTF-8"?>
<testng-results skipped="0" failed="0" total="1" passed="1">
  <reporter-output>
  </reporter-output>
  <suite name="Default suite" duration-ms="14410" started-at="2018-05-19T15:41:00Z" finished-at="2018-05-19T15:41:14Z">
    <groups>
    </groups>
    <test name="Default test" duration-ms="14410" started-at="2018-05-19T15:41:00Z" finished-at="2018-05-19T15:41:14Z">
      <class name="br.com.ribeiraoreefshop.test.model.entity.ProdutoTestNG">
        <test-method status="PASS" signature="beforeTest()[pri:0, instance:br.com.ribeiraoreefshop.test.model.entity.ProdutoTestNG@14bf9759]" name="beforeTest" is-config="true" duration-ms="13792" started-at="2018-05-19T12:41:00Z" finished-at="2018-05-19T12:41:13Z">
          <reporter-output>
          </reporter-output>
        </test-method> <!-- beforeTest -->
        <test-method status="PASS" signature="criacao()[pri:0, instance:br.com.ribeiraoreefshop.test.model.entity.ProdutoTestNG@14bf9759]" name="criacao" duration-ms="585" started-at="2018-05-19T12:41:13Z" finished-at="2018-05-19T12:41:14Z">
          <reporter-output>
          </reporter-output>
        </test-method> <!-- criacao -->
        <test-method status="PASS" signature="afterTest()[pri:0, instance:br.com.ribeiraoreefshop.test.model.entity.ProdutoTestNG@14bf9759]" name="afterTest" is-config="true" duration-ms="7" started-at="2018-05-19T12:41:14Z" finished-at="2018-05-19T12:41:14Z">
          <reporter-output>
          </reporter-output>
        </test-method> <!-- afterTest -->
      </class> <!-- br.com.ribeiraoreefshop.test.model.entity.ProdutoTestNG -->
    </test> <!-- Default test -->
  </suite> <!-- Default suite -->
</testng-results>
