<?xml version="1.0" encoding="UTF-8"?>
<testng-results skipped="0" failed="0" total="1" passed="1">
  <reporter-output>
  </reporter-output>
  <suite name="Default suite" duration-ms="52053" started-at="2018-05-16T19:59:45Z" finished-at="2018-05-16T20:00:37Z">
    <groups>
    </groups>
    <test name="Default test" duration-ms="52053" started-at="2018-05-16T19:59:45Z" finished-at="2018-05-16T20:00:37Z">
      <class name="br.com.ribeiraoreefshop.test.model.entity.ProdutoTestNG">
        <test-method status="PASS" signature="beforeTest()[pri:0, instance:br.com.ribeiraoreefshop.test.model.entity.ProdutoTestNG@188715b5]" name="beforeTest" is-config="true" duration-ms="2823" started-at="2018-05-16T16:59:45Z" finished-at="2018-05-16T16:59:47Z">
          <reporter-output>
          </reporter-output>
        </test-method> <!-- beforeTest -->
        <test-method status="PASS" signature="criacao()[pri:0, instance:br.com.ribeiraoreefshop.test.model.entity.ProdutoTestNG@188715b5]" name="criacao" duration-ms="49207" started-at="2018-05-16T16:59:47Z" finished-at="2018-05-16T17:00:37Z">
          <reporter-output>
          </reporter-output>
        </test-method> <!-- criacao -->
        <test-method status="PASS" signature="afterTest()[pri:0, instance:br.com.ribeiraoreefshop.test.model.entity.ProdutoTestNG@188715b5]" name="afterTest" is-config="true" duration-ms="7" started-at="2018-05-16T17:00:37Z" finished-at="2018-05-16T17:00:37Z">
          <reporter-output>
          </reporter-output>
        </test-method> <!-- afterTest -->
      </class> <!-- br.com.ribeiraoreefshop.test.model.entity.ProdutoTestNG -->
    </test> <!-- Default test -->
  </suite> <!-- Default suite -->
</testng-results>
